Thursday, 27-Feb-2020 08:43:09 - restore started
Thursday, 27-Feb-2020 08:43:09 - wp version     : 5.3.2
Thursday, 27-Feb-2020 08:43:09 - php version    : 7.3.14
Thursday, 27-Feb-2020 08:43:09 - mysql version  : 5.5.60
Thursday, 27-Feb-2020 08:43:09 - memory limit   : 1024M
Thursday, 27-Feb-2020 08:43:09 - execution time : 600
Thursday, 27-Feb-2020 08:43:09 - mysql timeout  : 
Thursday, 27-Feb-2020 08:43:09 - socket timeout : 600
Thursday, 27-Feb-2020 08:43:09 - file download started
Thursday, 27-Feb-2020 08:43:21 - download finished, filesize - 1 GB
Thursday, 27-Feb-2020 08:43:21 - extracting database using ziparchive
Thursday, 27-Feb-2020 08:43:21 - changing prefix from "tusNvaXR" to "WuAVqbxd"
Thursday, 27-Feb-2020 08:43:21 - database import started
Thursday, 27-Feb-2020 08:43:22 - updating mysql query with current site's url - new query : "INSERT INTO WuAVqbxdoptions VALUES("1", "siteurl", "https://staging.moers08.de", "yes")"
Thursday, 27-Feb-2020 08:43:22 - mysql query failed. error : 1064 You have an error in your SQL syntax; check the manual that corresponds to your MySQL server version for the right syntax to use near '"@font-face {
  font-family: \'Montserrat\'' at line 1 - query : "INSERT INTO WuAVqbxdoptions VALUES("510253", "_transient_avada_googlefonts_contents", "@font-face {
  font-family: \'Montserrat\'"
Thursday, 27-Feb-2020 08:43:22 - mysql query failed. error : 1064 You have an error in your SQL syntax; check the manual that corresponds to your MySQL server version for the right syntax to use near 'font-style: normal' at line 1 - query : "font-style: normal"
Thursday, 27-Feb-2020 08:43:22 - mysql query failed. error : 1064 You have an error in your SQL syntax; check the manual that corresponds to your MySQL server version for the right syntax to use near 'font-weight: 400' at line 1 - query : "font-weight: 400"
Thursday, 27-Feb-2020 08:43:22 - mysql query failed. error : 1064 You have an error in your SQL syntax; check the manual that corresponds to your MySQL server version for the right syntax to use near 'src: local(\'Montserrat Regular\'), local(\'Montserrat-Regular\'), url(https://f' at line 1 - query : "src: local(\'Montserrat Regular\'), local(\'Montserrat-Regular\'), url(https://fonts.gstatic.com/s/montserrat/v14/JTUSjIg1_i6t8kCHKm459Wlhzg.ttf) format(\'truetype\')"
Thursday, 27-Feb-2020 08:43:22 - mysql query failed. error : 1064 You have an error in your SQL syntax; check the manual that corresponds to your MySQL server version for the right syntax to use near '}
@font-face {
  font-family: \'Montserrat\'' at line 1 - query : "}
@font-face {
  font-family: \'Montserrat\'"
Thursday, 27-Feb-2020 08:43:22 - mysql query failed. error : 1064 You have an error in your SQL syntax; check the manual that corresponds to your MySQL server version for the right syntax to use near 'font-style: normal' at line 1 - query : "font-style: normal"
Thursday, 27-Feb-2020 08:43:22 - mysql query failed. error : 1064 You have an error in your SQL syntax; check the manual that corresponds to your MySQL server version for the right syntax to use near 'font-weight: 700' at line 1 - query : "font-weight: 700"
Thursday, 27-Feb-2020 08:43:22 - mysql query failed. error : 1064 You have an error in your SQL syntax; check the manual that corresponds to your MySQL server version for the right syntax to use near 'src: local(\'Montserrat Bold\'), local(\'Montserrat-Bold\'), url(https://fonts.g' at line 1 - query : "src: local(\'Montserrat Bold\'), local(\'Montserrat-Bold\'), url(https://fonts.gstatic.com/s/montserrat/v14/JTURjIg1_i6t8kCHKm45_dJE3gnD-w.ttf) format(\'truetype\')"
Thursday, 27-Feb-2020 08:43:22 - mysql query failed. error : 1064 You have an error in your SQL syntax; check the manual that corresponds to your MySQL server version for the right syntax to use near '}
@font-face {
  font-family: \'Open Sans\'' at line 1 - query : "}
@font-face {
  font-family: \'Open Sans\'"
Thursday, 27-Feb-2020 08:43:22 - mysql query failed. error : 1064 You have an error in your SQL syntax; check the manual that corresponds to your MySQL server version for the right syntax to use near 'font-style: italic' at line 1 - query : "font-style: italic"
Thursday, 27-Feb-2020 08:43:22 - mysql query failed. error : 1064 You have an error in your SQL syntax; check the manual that corresponds to your MySQL server version for the right syntax to use near 'font-weight: 400' at line 1 - query : "font-weight: 400"
Thursday, 27-Feb-2020 08:43:22 - mysql query failed. error : 1064 You have an error in your SQL syntax; check the manual that corresponds to your MySQL server version for the right syntax to use near 'src: local(\'Open Sans Italic\'), local(\'OpenSans-Italic\'), url(https://fonts.' at line 1 - query : "src: local(\'Open Sans Italic\'), local(\'OpenSans-Italic\'), url(https://fonts.gstatic.com/s/opensans/v17/mem6YaGs126MiZpBA-UFUK0Zdcg.ttf) format(\'truetype\')"
Thursday, 27-Feb-2020 08:43:22 - mysql query failed. error : 1064 You have an error in your SQL syntax; check the manual that corresponds to your MySQL server version for the right syntax to use near '}
@font-face {
  font-family: \'Open Sans\'' at line 1 - query : "}
@font-face {
  font-family: \'Open Sans\'"
Thursday, 27-Feb-2020 08:43:22 - mysql query failed. error : 1064 You have an error in your SQL syntax; check the manual that corresponds to your MySQL server version for the right syntax to use near 'font-style: italic' at line 1 - query : "font-style: italic"
Thursday, 27-Feb-2020 08:43:22 - mysql query failed. error : 1064 You have an error in your SQL syntax; check the manual that corresponds to your MySQL server version for the right syntax to use near 'font-weight: 700' at line 1 - query : "font-weight: 700"
Thursday, 27-Feb-2020 08:43:22 - mysql query failed. error : 1064 You have an error in your SQL syntax; check the manual that corresponds to your MySQL server version for the right syntax to use near 'src: local(\'Open Sans Bold Italic\'), local(\'OpenSans-BoldItalic\'), url(https' at line 1 - query : "src: local(\'Open Sans Bold Italic\'), local(\'OpenSans-BoldItalic\'), url(https://fonts.gstatic.com/s/opensans/v17/memnYaGs126MiZpBA-UFUKWiUNhrIqY.ttf) format(\'truetype\')"
Thursday, 27-Feb-2020 08:43:22 - mysql query failed. error : 1064 You have an error in your SQL syntax; check the manual that corresponds to your MySQL server version for the right syntax to use near '}
@font-face {
  font-family: \'Open Sans\'' at line 1 - query : "}
@font-face {
  font-family: \'Open Sans\'"
Thursday, 27-Feb-2020 08:43:22 - mysql query failed. error : 1064 You have an error in your SQL syntax; check the manual that corresponds to your MySQL server version for the right syntax to use near 'font-style: normal' at line 1 - query : "font-style: normal"
Thursday, 27-Feb-2020 08:43:22 - mysql query failed. error : 1064 You have an error in your SQL syntax; check the manual that corresponds to your MySQL server version for the right syntax to use near 'font-weight: 400' at line 1 - query : "font-weight: 400"
Thursday, 27-Feb-2020 08:43:22 - mysql query failed. error : 1064 You have an error in your SQL syntax; check the manual that corresponds to your MySQL server version for the right syntax to use near 'src: local(\'Open Sans Regular\'), local(\'OpenSans-Regular\'), url(https://font' at line 1 - query : "src: local(\'Open Sans Regular\'), local(\'OpenSans-Regular\'), url(https://fonts.gstatic.com/s/opensans/v17/mem8YaGs126MiZpBA-UFVZ0e.ttf) format(\'truetype\')"
Thursday, 27-Feb-2020 08:43:22 - mysql query failed. error : 1064 You have an error in your SQL syntax; check the manual that corresponds to your MySQL server version for the right syntax to use near '}
@font-face {
  font-family: \'Open Sans\'' at line 1 - query : "}
@font-face {
  font-family: \'Open Sans\'"
Thursday, 27-Feb-2020 08:43:22 - mysql query failed. error : 1064 You have an error in your SQL syntax; check the manual that corresponds to your MySQL server version for the right syntax to use near 'font-style: normal' at line 1 - query : "font-style: normal"
Thursday, 27-Feb-2020 08:43:22 - mysql query failed. error : 1064 You have an error in your SQL syntax; check the manual that corresponds to your MySQL server version for the right syntax to use near 'font-weight: 700' at line 1 - query : "font-weight: 700"
Thursday, 27-Feb-2020 08:43:22 - mysql query failed. error : 1064 You have an error in your SQL syntax; check the manual that corresponds to your MySQL server version for the right syntax to use near 'src: local(\'Open Sans Bold\'), local(\'OpenSans-Bold\'), url(https://fonts.gsta' at line 1 - query : "src: local(\'Open Sans Bold\'), local(\'OpenSans-Bold\'), url(https://fonts.gstatic.com/s/opensans/v17/mem5YaGs126MiZpBA-UN7rgOUuhs.ttf) format(\'truetype\')"
Thursday, 27-Feb-2020 08:43:22 - mysql query failed. error : 1064 You have an error in your SQL syntax; check the manual that corresponds to your MySQL server version for the right syntax to use near '}
", "no")' at line 1 - query : "}
", "no")"
Thursday, 27-Feb-2020 08:43:26 - mysql query failed. error : 1064 You have an error in your SQL syntax; check the manual that corresponds to your MySQL server version for the right syntax to use near '"&nbsp' at line 1 - query : "INSERT INTO WuAVqbxdposts VALUES("1760", "7", "2019-03-07 20:18:13", "2019-03-07 20:18:13", "&nbsp"
Thursday, 27-Feb-2020 08:43:26 - mysql query failed. error : 1064 You have an error in your SQL syntax; check the manual that corresponds to your MySQL server version for the right syntax to use near 'Die ausgebuchte Blau-Weiss Tennishalle lässt nur wenig Spielraum für Spontan-A' at line 1 - query : "Die ausgebuchte Blau-Weiss Tennishalle lässt nur wenig Spielraum für Spontan-Aktivitäten. Daher haben wir frühzeitig an Medenspiel freien Wochenenden Termine für unsere Winter-Events gebucht!<span class=\"Apple-converted-space\"> </span>

Zwei unserer Events haben bereits stattgefunden und uns bewogen, in der nächsten Wintersaison wieder Termine für Winter-Events frei zu halten.

Am Samstag, den 26.01.2019 traten Mitglieder, die in der vergangenen Saison mit dem Tennis begonnen haben beim Rookie-Turnier gegeneinander an und konnten so erste Wettkampffreuden und -erfahrungen sammeln.

Für das leibliche Wohl war gesorgt und unser Turnierdirektor Albert Krüsmann konnte einigen Spielern, die die Nase vorn behielten, einen verdienten Preis überreichen.<span class=\"Apple-converted-space\"> </span>

Wir sind sicher, dass auch im nächsten Winter wieder Einsteiger sich für das Eventformat begeistern werden und planen die Neuauflage fest in das Winterprogramm 2019/2020 ein.<span class=\"Apple-converted-space\"> </span>

Mit unserer „Crazy Night“ am Karnevalswochenende konnten wir Karnevalsjecken und Karnevalsmuffel zum Tennisspiel animieren. Ab 18:00 Uhr am 02.03.2019 erklang im karnevalistisch geschmücktem Gastraum unser Tennishalle „jecke“ Musik, während sich die Spieler Racket schwingend auf den Hallenplätzen heiße Gefechte lieferten.

Mit Verpflegung aus der Küche unserer Clubgastronomie und zünftigem „Bolten“ schloss der gesellschaftliche Teil erst spät nach Mitternacht. Allen Teilnehmern an dieser Stelle nochmals ein Kompliment für die top Spiel- und Feierlaune!", "Sport und Spaß Winter-Events in der Blau-Weiss Halle!", "", "inherit", "closed", "closed", "", "1752-autosave-v1", "", "", "2019-03-07 20:18:13", "2019-03-07 20:18:13", "", "1752", "https://bwneuss.de/1752-autosave-v1", "0", "revision", "", "0")"
Thursday, 27-Feb-2020 08:43:26 - mysql query failed. error : 1064 You have an error in your SQL syntax; check the manual that corresponds to your MySQL server version for the right syntax to use near '"#cookie-notice{
background-color:white!important' at line 1 - query : "INSERT INTO WuAVqbxdposts VALUES("1579", "1", "2018-05-25 20:54:12", "2018-05-25 20:54:12", "#cookie-notice{
background-color:white!important"
Thursday, 27-Feb-2020 08:43:26 - mysql query failed. error : 1064 You have an error in your SQL syntax; check the manual that corresponds to your MySQL server version for the right syntax to use near 'font-family:\"pt sans\"' at line 1 - query : "font-family:\"pt sans\""
Thursday, 27-Feb-2020 08:43:26 - mysql query failed. error : 1064 You have an error in your SQL syntax; check the manual that corresponds to your MySQL server version for the right syntax to use near 'color:#2c3991' at line 1 - query : "color:#2c3991"
Thursday, 27-Feb-2020 08:43:26 - mysql query failed. error : 1064 You have an error in your SQL syntax; check the manual that corresponds to your MySQL server version for the right syntax to use near '}
#cookie-notice #cn-notice-text{
color:#2c3991' at line 1 - query : "}
#cookie-notice #cn-notice-text{
color:#2c3991"
Thursday, 27-Feb-2020 08:43:26 - mysql query failed. error : 1064 You have an error in your SQL syntax; check the manual that corresponds to your MySQL server version for the right syntax to use near '}
#cookie-notice #cn-notice-text a{
color:#2c3991!important' at line 1 - query : "}
#cookie-notice #cn-notice-text a{
color:#2c3991!important"
Thursday, 27-Feb-2020 08:43:26 - mysql query failed. error : 1064 You have an error in your SQL syntax; check the manual that corresponds to your MySQL server version for the right syntax to use near 'text-decoration:underline;}

#cookie-notice .button.bootstrap{
background-image:' at line 1 - query : "text-decoration:underline;}

#cookie-notice .button.bootstrap{
background-image:none!important"
Thursday, 27-Feb-2020 08:43:26 - mysql query failed. error : 1064 You have an error in your SQL syntax; check the manual that corresponds to your MySQL server version for the right syntax to use near 'background-color:#2c3991' at line 1 - query : "background-color:#2c3991"
Thursday, 27-Feb-2020 08:43:26 - mysql query failed. error : 1064 You have an error in your SQL syntax; check the manual that corresponds to your MySQL server version for the right syntax to use near 'color:white' at line 1 - query : "color:white"
Thursday, 27-Feb-2020 08:43:26 - mysql query failed. error : 1064 You have an error in your SQL syntax; check the manual that corresponds to your MySQL server version for the right syntax to use near 'text-shadow:none' at line 1 - query : "text-shadow:none"
Thursday, 27-Feb-2020 08:43:26 - mysql query failed. error : 1064 You have an error in your SQL syntax; check the manual that corresponds to your MySQL server version for the right syntax to use near 'font-family:\"pt sans\"' at line 1 - query : "font-family:\"pt sans\""
Thursday, 27-Feb-2020 08:43:26 - mysql query failed. error : 1064 You have an error in your SQL syntax; check the manual that corresponds to your MySQL server version for the right syntax to use near 'padding:4px 14px' at line 1 - query : "padding:4px 14px"
Thursday, 27-Feb-2020 08:43:26 - mysql query failed. error : 1064 You have an error in your SQL syntax; check the manual that corresponds to your MySQL server version for the right syntax to use near 'font-size:14px' at line 1 - query : "font-size:14px"
Thursday, 27-Feb-2020 08:43:26 - mysql query failed. error : 1064 You have an error in your SQL syntax; check the manual that corresponds to your MySQL server version for the right syntax to use near '}


#cookie-notice .button.bootstrap:hover{
background-color:#2c3991' at line 1 - query : "}


#cookie-notice .button.bootstrap:hover{
background-color:#2c3991"
Thursday, 27-Feb-2020 08:43:26 - mysql query failed. error : 1064 You have an error in your SQL syntax; check the manual that corresponds to your MySQL server version for the right syntax to use near '}", "Avada", "", "publish", "closed", "closed", "", "avada", "", "", "2018-05-25' at line 1 - query : "}", "Avada", "", "publish", "closed", "closed", "", "avada", "", "", "2018-05-25 21:02:05", "2018-05-25 21:02:05", "", "0", "http://bwneuss.de/avada", "0", "custom_css", "", "0")"
Thursday, 27-Feb-2020 08:43:26 - mysql query failed. error : 1064 You have an error in your SQL syntax; check the manual that corresponds to your MySQL server version for the right syntax to use near '"#cookie-notice{
background-color:#2c3991!important' at line 1 - query : "INSERT INTO WuAVqbxdposts VALUES("1580", "1", "2018-05-25 20:54:12", "2018-05-25 20:54:12", "#cookie-notice{
background-color:#2c3991!important"
Thursday, 27-Feb-2020 08:43:26 - mysql query failed. error : 1064 You have an error in your SQL syntax; check the manual that corresponds to your MySQL server version for the right syntax to use near 'font-family:\"pt sans\"' at line 1 - query : "font-family:\"pt sans\""
Thursday, 27-Feb-2020 08:43:26 - mysql query failed. error : 1064 You have an error in your SQL syntax; check the manual that corresponds to your MySQL server version for the right syntax to use near '}
#cookie-notice #cn-notice-text a{
color:white!important' at line 1 - query : "}
#cookie-notice #cn-notice-text a{
color:white!important"
Thursday, 27-Feb-2020 08:43:26 - mysql query failed. error : 1064 You have an error in your SQL syntax; check the manual that corresponds to your MySQL server version for the right syntax to use near 'text-decoration:underline;}

#cookie-notice .button.bootstrap{
background-image:' at line 1 - query : "text-decoration:underline;}

#cookie-notice .button.bootstrap{
background-image:none!important"
Thursday, 27-Feb-2020 08:43:26 - mysql query failed. error : 1064 You have an error in your SQL syntax; check the manual that corresponds to your MySQL server version for the right syntax to use near 'background-color:white' at line 1 - query : "background-color:white"
Thursday, 27-Feb-2020 08:43:26 - mysql query failed. error : 1064 You have an error in your SQL syntax; check the manual that corresponds to your MySQL server version for the right syntax to use near 'color:#2c3991' at line 1 - query : "color:#2c3991"
Thursday, 27-Feb-2020 08:43:26 - mysql query failed. error : 1064 You have an error in your SQL syntax; check the manual that corresponds to your MySQL server version for the right syntax to use near 'text-shadow:none' at line 1 - query : "text-shadow:none"
Thursday, 27-Feb-2020 08:43:26 - mysql query failed. error : 1064 You have an error in your SQL syntax; check the manual that corresponds to your MySQL server version for the right syntax to use near 'font-family:\"pt sans\"' at line 1 - query : "font-family:\"pt sans\""
Thursday, 27-Feb-2020 08:43:26 - mysql query failed. error : 1064 You have an error in your SQL syntax; check the manual that corresponds to your MySQL server version for the right syntax to use near 'padding:4px 14px' at line 1 - query : "padding:4px 14px"
Thursday, 27-Feb-2020 08:43:26 - mysql query failed. error : 1064 You have an error in your SQL syntax; check the manual that corresponds to your MySQL server version for the right syntax to use near 'font-size:14px' at line 1 - query : "font-size:14px"
Thursday, 27-Feb-2020 08:43:26 - mysql query failed. error : 1064 You have an error in your SQL syntax; check the manual that corresponds to your MySQL server version for the right syntax to use near '}


#cookie-notice .button.bootstrap:hover{
background-color:white' at line 1 - query : "}


#cookie-notice .button.bootstrap:hover{
background-color:white"
Thursday, 27-Feb-2020 08:43:26 - mysql query failed. error : 1064 You have an error in your SQL syntax; check the manual that corresponds to your MySQL server version for the right syntax to use near '}", "Avada", "", "inherit", "closed", "closed", "", "1579-revision-v1", "", "", ' at line 1 - query : "}", "Avada", "", "inherit", "closed", "closed", "", "1579-revision-v1", "", "", "2018-05-25 20:54:12", "2018-05-25 20:54:12", "", "1579", "http://bwneuss.de/1579-revision-v1", "0", "revision", "", "0")"
Thursday, 27-Feb-2020 08:43:26 - mysql query failed. error : 1064 You have an error in your SQL syntax; check the manual that corresponds to your MySQL server version for the right syntax to use near '"#cookie-notice{
background-color:white!important' at line 1 - query : "INSERT INTO WuAVqbxdposts VALUES("1582", "1", "2018-05-25 20:55:54", "2018-05-25 20:55:54", "#cookie-notice{
background-color:white!important"
Thursday, 27-Feb-2020 08:43:26 - mysql query failed. error : 1064 You have an error in your SQL syntax; check the manual that corresponds to your MySQL server version for the right syntax to use near 'font-family:\"pt sans\"' at line 1 - query : "font-family:\"pt sans\""
Thursday, 27-Feb-2020 08:43:26 - mysql query failed. error : 1064 You have an error in your SQL syntax; check the manual that corresponds to your MySQL server version for the right syntax to use near 'color:#2c3991' at line 1 - query : "color:#2c3991"
Thursday, 27-Feb-2020 08:43:26 - mysql query failed. error : 1064 You have an error in your SQL syntax; check the manual that corresponds to your MySQL server version for the right syntax to use near '}
#cookie-notice #cn-notice-text a{
color:white!important' at line 1 - query : "}
#cookie-notice #cn-notice-text a{
color:white!important"
Thursday, 27-Feb-2020 08:43:26 - mysql query failed. error : 1064 You have an error in your SQL syntax; check the manual that corresponds to your MySQL server version for the right syntax to use near 'text-decoration:underline;}

#cookie-notice .button.bootstrap{
background-image:' at line 1 - query : "text-decoration:underline;}

#cookie-notice .button.bootstrap{
background-image:none!important"
Thursday, 27-Feb-2020 08:43:26 - mysql query failed. error : 1064 You have an error in your SQL syntax; check the manual that corresponds to your MySQL server version for the right syntax to use near 'background-color:white' at line 1 - query : "background-color:white"
Thursday, 27-Feb-2020 08:43:26 - mysql query failed. error : 1064 You have an error in your SQL syntax; check the manual that corresponds to your MySQL server version for the right syntax to use near 'color:#2c3991' at line 1 - query : "color:#2c3991"
Thursday, 27-Feb-2020 08:43:26 - mysql query failed. error : 1064 You have an error in your SQL syntax; check the manual that corresponds to your MySQL server version for the right syntax to use near 'text-shadow:none' at line 1 - query : "text-shadow:none"
Thursday, 27-Feb-2020 08:43:26 - mysql query failed. error : 1064 You have an error in your SQL syntax; check the manual that corresponds to your MySQL server version for the right syntax to use near 'font-family:\"pt sans\"' at line 1 - query : "font-family:\"pt sans\""
Thursday, 27-Feb-2020 08:43:26 - mysql query failed. error : 1064 You have an error in your SQL syntax; check the manual that corresponds to your MySQL server version for the right syntax to use near 'padding:4px 14px' at line 1 - query : "padding:4px 14px"
Thursday, 27-Feb-2020 08:43:26 - mysql query failed. error : 1064 You have an error in your SQL syntax; check the manual that corresponds to your MySQL server version for the right syntax to use near 'font-size:14px' at line 1 - query : "font-size:14px"
Thursday, 27-Feb-2020 08:43:26 - mysql query failed. error : 1064 You have an error in your SQL syntax; check the manual that corresponds to your MySQL server version for the right syntax to use near '}


#cookie-notice .button.bootstrap:hover{
background-color:#2c3991' at line 1 - query : "}


#cookie-notice .button.bootstrap:hover{
background-color:#2c3991"
Thursday, 27-Feb-2020 08:43:26 - mysql query failed. error : 1064 You have an error in your SQL syntax; check the manual that corresponds to your MySQL server version for the right syntax to use near '}", "Avada", "", "inherit", "closed", "closed", "", "1579-revision-v1", "", "", ' at line 1 - query : "}", "Avada", "", "inherit", "closed", "closed", "", "1579-revision-v1", "", "", "2018-05-25 20:55:54", "2018-05-25 20:55:54", "", "1579", "http://bwneuss.de/1579-revision-v1", "0", "revision", "", "0")"
Thursday, 27-Feb-2020 08:43:26 - mysql query failed. error : 1064 You have an error in your SQL syntax; check the manual that corresponds to your MySQL server version for the right syntax to use near '"#cookie-notice{
background-color:white!important' at line 1 - query : "INSERT INTO WuAVqbxdposts VALUES("1584", "1", "2018-05-25 20:58:32", "2018-05-25 20:58:32", "#cookie-notice{
background-color:white!important"
Thursday, 27-Feb-2020 08:43:26 - mysql query failed. error : 1064 You have an error in your SQL syntax; check the manual that corresponds to your MySQL server version for the right syntax to use near 'font-family:\"pt sans\"' at line 1 - query : "font-family:\"pt sans\""
Thursday, 27-Feb-2020 08:43:26 - mysql query failed. error : 1064 You have an error in your SQL syntax; check the manual that corresponds to your MySQL server version for the right syntax to use near 'color:#2c3991' at line 1 - query : "color:#2c3991"
Thursday, 27-Feb-2020 08:43:26 - mysql query failed. error : 1064 You have an error in your SQL syntax; check the manual that corresponds to your MySQL server version for the right syntax to use near '}
#cookie-notice #cn-notice-text{
color:#2c3991' at line 1 - query : "}
#cookie-notice #cn-notice-text{
color:#2c3991"
Thursday, 27-Feb-2020 08:43:26 - mysql query failed. error : 1064 You have an error in your SQL syntax; check the manual that corresponds to your MySQL server version for the right syntax to use near '}
#cookie-notice #cn-notice-text a{
color:white!important' at line 1 - query : "}
#cookie-notice #cn-notice-text a{
color:white!important"
Thursday, 27-Feb-2020 08:43:26 - mysql query failed. error : 1064 You have an error in your SQL syntax; check the manual that corresponds to your MySQL server version for the right syntax to use near 'text-decoration:underline;}

#cookie-notice .button.bootstrap{
background-image:' at line 1 - query : "text-decoration:underline;}

#cookie-notice .button.bootstrap{
background-image:none!important"
Thursday, 27-Feb-2020 08:43:26 - mysql query failed. error : 1064 You have an error in your SQL syntax; check the manual that corresponds to your MySQL server version for the right syntax to use near 'background-color:#2c3991' at line 1 - query : "background-color:#2c3991"
Thursday, 27-Feb-2020 08:43:26 - mysql query failed. error : 1064 You have an error in your SQL syntax; check the manual that corresponds to your MySQL server version for the right syntax to use near 'color:white' at line 1 - query : "color:white"
Thursday, 27-Feb-2020 08:43:26 - mysql query failed. error : 1064 You have an error in your SQL syntax; check the manual that corresponds to your MySQL server version for the right syntax to use near 'text-shadow:none' at line 1 - query : "text-shadow:none"
Thursday, 27-Feb-2020 08:43:26 - mysql query failed. error : 1064 You have an error in your SQL syntax; check the manual that corresponds to your MySQL server version for the right syntax to use near 'font-family:\"pt sans\"' at line 1 - query : "font-family:\"pt sans\""
Thursday, 27-Feb-2020 08:43:26 - mysql query failed. error : 1064 You have an error in your SQL syntax; check the manual that corresponds to your MySQL server version for the right syntax to use near 'padding:4px 14px' at line 1 - query : "padding:4px 14px"
Thursday, 27-Feb-2020 08:43:26 - mysql query failed. error : 1064 You have an error in your SQL syntax; check the manual that corresponds to your MySQL server version for the right syntax to use near 'font-size:14px' at line 1 - query : "font-size:14px"
Thursday, 27-Feb-2020 08:43:26 - mysql query failed. error : 1064 You have an error in your SQL syntax; check the manual that corresponds to your MySQL server version for the right syntax to use near '}


#cookie-notice .button.bootstrap:hover{
background-color:#2c3991' at line 1 - query : "}


#cookie-notice .button.bootstrap:hover{
background-color:#2c3991"
Thursday, 27-Feb-2020 08:43:26 - mysql query failed. error : 1064 You have an error in your SQL syntax; check the manual that corresponds to your MySQL server version for the right syntax to use near '}", "Avada", "", "inherit", "closed", "closed", "", "1579-revision-v1", "", "", ' at line 1 - query : "}", "Avada", "", "inherit", "closed", "closed", "", "1579-revision-v1", "", "", "2018-05-25 20:58:32", "2018-05-25 20:58:32", "", "1579", "http://bwneuss.de/1579-revision-v1", "0", "revision", "", "0")"
Thursday, 27-Feb-2020 08:43:26 - mysql query failed. error : 1064 You have an error in your SQL syntax; check the manual that corresponds to your MySQL server version for the right syntax to use near '"#cookie-notice{
background-color:white!important' at line 1 - query : "INSERT INTO WuAVqbxdposts VALUES("1586", "1", "2018-05-25 21:02:05", "2018-05-25 21:02:05", "#cookie-notice{
background-color:white!important"
Thursday, 27-Feb-2020 08:43:26 - mysql query failed. error : 1064 You have an error in your SQL syntax; check the manual that corresponds to your MySQL server version for the right syntax to use near 'font-family:\"pt sans\"' at line 1 - query : "font-family:\"pt sans\""
Thursday, 27-Feb-2020 08:43:26 - mysql query failed. error : 1064 You have an error in your SQL syntax; check the manual that corresponds to your MySQL server version for the right syntax to use near 'color:#2c3991' at line 1 - query : "color:#2c3991"
Thursday, 27-Feb-2020 08:43:26 - mysql query failed. error : 1064 You have an error in your SQL syntax; check the manual that corresponds to your MySQL server version for the right syntax to use near '}
#cookie-notice #cn-notice-text{
color:#2c3991' at line 1 - query : "}
#cookie-notice #cn-notice-text{
color:#2c3991"
Thursday, 27-Feb-2020 08:43:26 - mysql query failed. error : 1064 You have an error in your SQL syntax; check the manual that corresponds to your MySQL server version for the right syntax to use near '}
#cookie-notice #cn-notice-text a{
color:#2c3991!important' at line 1 - query : "}
#cookie-notice #cn-notice-text a{
color:#2c3991!important"
Thursday, 27-Feb-2020 08:43:26 - mysql query failed. error : 1064 You have an error in your SQL syntax; check the manual that corresponds to your MySQL server version for the right syntax to use near 'text-decoration:underline;}

#cookie-notice .button.bootstrap{
background-image:' at line 1 - query : "text-decoration:underline;}

#cookie-notice .button.bootstrap{
background-image:none!important"
Thursday, 27-Feb-2020 08:43:26 - mysql query failed. error : 1064 You have an error in your SQL syntax; check the manual that corresponds to your MySQL server version for the right syntax to use near 'background-color:#2c3991' at line 1 - query : "background-color:#2c3991"
Thursday, 27-Feb-2020 08:43:26 - mysql query failed. error : 1064 You have an error in your SQL syntax; check the manual that corresponds to your MySQL server version for the right syntax to use near 'color:white' at line 1 - query : "color:white"
Thursday, 27-Feb-2020 08:43:26 - mysql query failed. error : 1064 You have an error in your SQL syntax; check the manual that corresponds to your MySQL server version for the right syntax to use near 'text-shadow:none' at line 1 - query : "text-shadow:none"
Thursday, 27-Feb-2020 08:43:26 - mysql query failed. error : 1064 You have an error in your SQL syntax; check the manual that corresponds to your MySQL server version for the right syntax to use near 'font-family:\"pt sans\"' at line 1 - query : "font-family:\"pt sans\""
Thursday, 27-Feb-2020 08:43:26 - mysql query failed. error : 1064 You have an error in your SQL syntax; check the manual that corresponds to your MySQL server version for the right syntax to use near 'padding:4px 14px' at line 1 - query : "padding:4px 14px"
Thursday, 27-Feb-2020 08:43:26 - mysql query failed. error : 1064 You have an error in your SQL syntax; check the manual that corresponds to your MySQL server version for the right syntax to use near 'font-size:14px' at line 1 - query : "font-size:14px"
Thursday, 27-Feb-2020 08:43:26 - mysql query failed. error : 1064 You have an error in your SQL syntax; check the manual that corresponds to your MySQL server version for the right syntax to use near '}


#cookie-notice .button.bootstrap:hover{
background-color:#2c3991' at line 1 - query : "}


#cookie-notice .button.bootstrap:hover{
background-color:#2c3991"
Thursday, 27-Feb-2020 08:43:26 - mysql query failed. error : 1064 You have an error in your SQL syntax; check the manual that corresponds to your MySQL server version for the right syntax to use near '}", "Avada", "", "inherit", "closed", "closed", "", "1579-revision-v1", "", "", ' at line 1 - query : "}", "Avada", "", "inherit", "closed", "closed", "", "1579-revision-v1", "", "", "2018-05-25 21:02:05", "2018-05-25 21:02:05", "", "1579", "http://bwneuss.de/1579-revision-v1", "0", "revision", "", "0")"
Thursday, 27-Feb-2020 08:43:27 - mysql query failed. error : 1065 Query was empty - query : ""
Thursday, 27-Feb-2020 08:43:27 - database import finished
Thursday, 27-Feb-2020 08:43:27 - search and replace started
Thursday, 27-Feb-2020 08:43:27 - there are 22 tables to scan
Thursday, 27-Feb-2020 08:43:28 - search and replace finished
Thursday, 27-Feb-2020 08:43:28 - extracting archive using ziparchive
